{"/home/bob/Repos/bu/React-portal/src/components/CalendarPage/CalendarParts/DayClasses.ts": {"path":"/home/bob/Repos/bu/React-portal/src/components/CalendarPage/CalendarParts/DayClasses.ts","all":false,"statementMap":{"0":{"start":{"line":1,"column":0},"end":{"line":1,"column":8}},"1":{"start":{"line":2,"column":0},"end":{"line":2,"column":10}},"2":{"start":{"line":3,"column":0},"end":{"line":3,"column":27}},"3":{"start":{"line":4,"column":0},"end":{"line":4,"column":10}},"4":{"start":{"line":5,"column":0},"end":{"line":5,"column":11}},"5":{"start":{"line":6,"column":0},"end":{"line":6,"column":12}},"6":{"start":{"line":7,"column":0},"end":{"line":7,"column":14}},"7":{"start":{"line":8,"column":0},"end":{"line":8,"column":9}},"8":{"start":{"line":9,"column":0},"end":{"line":9,"column":18}},"9":{"start":{"line":10,"column":0},"end":{"line":10,"column":40}},"10":{"start":{"line":11,"column":0},"end":{"line":11,"column":56}},"11":{"start":{"line":12,"column":0},"end":{"line":12,"column":0}},"12":{"start":{"line":13,"column":0},"end":{"line":13,"column":17}},"13":{"start":{"line":14,"column":0},"end":{"line":14,"column":12}},"14":{"start":{"line":15,"column":0},"end":{"line":15,"column":19}},"15":{"start":{"line":16,"column":0},"end":{"line":16,"column":21}},"16":{"start":{"line":17,"column":0},"end":{"line":17,"column":17}},"17":{"start":{"line":18,"column":0},"end":{"line":18,"column":10}},"18":{"start":{"line":19,"column":0},"end":{"line":19,"column":23}},"19":{"start":{"line":20,"column":0},"end":{"line":20,"column":26}},"20":{"start":{"line":21,"column":0},"end":{"line":21,"column":24}},"21":{"start":{"line":22,"column":0},"end":{"line":22,"column":4}},"22":{"start":{"line":23,"column":0},"end":{"line":23,"column":10}},"23":{"start":{"line":24,"column":0},"end":{"line":24,"column":23}},"24":{"start":{"line":25,"column":0},"end":{"line":25,"column":4}},"25":{"start":{"line":26,"column":0},"end":{"line":26,"column":16}},"26":{"start":{"line":27,"column":0},"end":{"line":27,"column":1}},"27":{"start":{"line":28,"column":0},"end":{"line":28,"column":0}},"28":{"start":{"line":29,"column":0},"end":{"line":29,"column":21}},"29":{"start":{"line":30,"column":0},"end":{"line":30,"column":6}},"30":{"start":{"line":31,"column":0},"end":{"line":31,"column":13}},"31":{"start":{"line":32,"column":0},"end":{"line":32,"column":9}},"32":{"start":{"line":33,"column":0},"end":{"line":33,"column":13}},"33":{"start":{"line":34,"column":0},"end":{"line":34,"column":8}},"34":{"start":{"line":35,"column":0},"end":{"line":35,"column":8}},"35":{"start":{"line":36,"column":0},"end":{"line":36,"column":11}},"36":{"start":{"line":37,"column":0},"end":{"line":37,"column":19}},"37":{"start":{"line":38,"column":0},"end":{"line":38,"column":40}},"38":{"start":{"line":39,"column":0},"end":{"line":39,"column":61}},"39":{"start":{"line":40,"column":0},"end":{"line":40,"column":44}},"40":{"start":{"line":41,"column":0},"end":{"line":41,"column":0}},"41":{"start":{"line":42,"column":0},"end":{"line":42,"column":38}},"42":{"start":{"line":43,"column":0},"end":{"line":43,"column":29}},"43":{"start":{"line":44,"column":0},"end":{"line":44,"column":29}},"44":{"start":{"line":45,"column":0},"end":{"line":45,"column":3}},"45":{"start":{"line":46,"column":0},"end":{"line":46,"column":15}},"46":{"start":{"line":47,"column":0},"end":{"line":47,"column":92}},"47":{"start":{"line":48,"column":0},"end":{"line":48,"column":40}},"48":{"start":{"line":49,"column":0},"end":{"line":49,"column":42}},"49":{"start":{"line":50,"column":0},"end":{"line":50,"column":14}},"50":{"start":{"line":51,"column":0},"end":{"line":51,"column":32}},"51":{"start":{"line":52,"column":0},"end":{"line":52,"column":32}},"52":{"start":{"line":53,"column":0},"end":{"line":53,"column":7}},"53":{"start":{"line":54,"column":0},"end":{"line":54,"column":41}},"54":{"start":{"line":55,"column":0},"end":{"line":55,"column":40}},"55":{"start":{"line":56,"column":0},"end":{"line":56,"column":41}},"56":{"start":{"line":57,"column":0},"end":{"line":57,"column":14}},"57":{"start":{"line":58,"column":0},"end":{"line":58,"column":31}},"58":{"start":{"line":59,"column":0},"end":{"line":59,"column":7}},"59":{"start":{"line":60,"column":0},"end":{"line":60,"column":89}},"60":{"start":{"line":61,"column":0},"end":{"line":61,"column":29}},"61":{"start":{"line":62,"column":0},"end":{"line":62,"column":5}},"62":{"start":{"line":63,"column":0},"end":{"line":63,"column":3}},"63":{"start":{"line":64,"column":0},"end":{"line":64,"column":0}},"64":{"start":{"line":65,"column":0},"end":{"line":65,"column":21}},"65":{"start":{"line":66,"column":0},"end":{"line":66,"column":39}},"66":{"start":{"line":67,"column":0},"end":{"line":67,"column":31}},"67":{"start":{"line":68,"column":0},"end":{"line":68,"column":5}},"68":{"start":{"line":69,"column":0},"end":{"line":69,"column":19}},"69":{"start":{"line":70,"column":0},"end":{"line":70,"column":76}},"70":{"start":{"line":71,"column":0},"end":{"line":71,"column":19}},"71":{"start":{"line":72,"column":0},"end":{"line":72,"column":72}},"72":{"start":{"line":73,"column":0},"end":{"line":73,"column":76}},"73":{"start":{"line":74,"column":0},"end":{"line":74,"column":0}},"74":{"start":{"line":75,"column":0},"end":{"line":75,"column":8}},"75":{"start":{"line":76,"column":0},"end":{"line":76,"column":25}},"76":{"start":{"line":77,"column":0},"end":{"line":77,"column":35}},"77":{"start":{"line":78,"column":0},"end":{"line":78,"column":16}},"78":{"start":{"line":79,"column":0},"end":{"line":79,"column":16}},"79":{"start":{"line":80,"column":0},"end":{"line":80,"column":33}},"80":{"start":{"line":81,"column":0},"end":{"line":81,"column":7}},"81":{"start":{"line":82,"column":0},"end":{"line":82,"column":32}},"82":{"start":{"line":83,"column":0},"end":{"line":83,"column":5}},"83":{"start":{"line":84,"column":0},"end":{"line":84,"column":3}},"84":{"start":{"line":85,"column":0},"end":{"line":85,"column":0}},"85":{"start":{"line":86,"column":0},"end":{"line":86,"column":22}},"86":{"start":{"line":87,"column":0},"end":{"line":87,"column":8}},"87":{"start":{"line":88,"column":0},"end":{"line":88,"column":35}},"88":{"start":{"line":89,"column":0},"end":{"line":89,"column":52}},"89":{"start":{"line":90,"column":0},"end":{"line":90,"column":7}},"90":{"start":{"line":91,"column":0},"end":{"line":91,"column":31}},"91":{"start":{"line":92,"column":0},"end":{"line":92,"column":5}},"92":{"start":{"line":93,"column":0},"end":{"line":93,"column":58}},"93":{"start":{"line":94,"column":0},"end":{"line":94,"column":31}},"94":{"start":{"line":95,"column":0},"end":{"line":95,"column":5}},"95":{"start":{"line":96,"column":0},"end":{"line":96,"column":3}},"96":{"start":{"line":97,"column":0},"end":{"line":97,"column":0}},"97":{"start":{"line":98,"column":0},"end":{"line":98,"column":66}},"98":{"start":{"line":99,"column":0},"end":{"line":99,"column":21}},"99":{"start":{"line":100,"column":0},"end":{"line":100,"column":65}},"100":{"start":{"line":101,"column":0},"end":{"line":101,"column":0}},"101":{"start":{"line":102,"column":0},"end":{"line":102,"column":34}},"102":{"start":{"line":103,"column":0},"end":{"line":103,"column":10}},"103":{"start":{"line":104,"column":0},"end":{"line":104,"column":69}},"104":{"start":{"line":105,"column":0},"end":{"line":105,"column":63}},"105":{"start":{"line":106,"column":0},"end":{"line":106,"column":4}},"106":{"start":{"line":107,"column":0},"end":{"line":107,"column":60}},"107":{"start":{"line":108,"column":0},"end":{"line":108,"column":29}},"108":{"start":{"line":109,"column":0},"end":{"line":109,"column":3}},"109":{"start":{"line":110,"column":0},"end":{"line":110,"column":27}},"110":{"start":{"line":111,"column":0},"end":{"line":111,"column":1}},"111":{"start":{"line":112,"column":0},"end":{"line":112,"column":0}},"112":{"start":{"line":113,"column":0},"end":{"line":113,"column":26}}},"s":{"0":1,"1":1,"2":1,"3":1,"4":1,"5":1,"6":1,"7":1,"8":1,"9":1,"10":1,"11":1,"12":1,"13":1,"14":1,"15":1,"16":1,"17":1,"18":1,"19":1,"20":1,"21":1,"22":1,"23":1,"24":1,"25":1,"26":1,"27":1,"28":8,"29":8,"30":8,"31":8,"32":8,"33":8,"34":8,"35":8,"36":8,"37":8,"38":8,"39":8,"40":8,"41":8,"42":1,"43":1,"44":1,"45":7,"46":7,"47":0,"48":0,"49":0,"50":0,"51":0,"52":0,"53":7,"54":1,"55":1,"56":1,"57":0,"58":0,"59":7,"60":0,"61":0,"62":7,"63":7,"64":8,"65":3,"66":2,"67":2,"68":3,"69":3,"70":3,"71":3,"72":3,"73":3,"74":3,"75":3,"76":3,"77":3,"78":3,"79":1,"80":3,"81":1,"82":1,"83":3,"84":7,"85":8,"86":2,"87":2,"88":1,"89":2,"90":0,"91":0,"92":2,"93":0,"94":0,"95":2,"96":7,"97":7,"98":7,"99":8,"100":8,"101":8,"102":8,"103":0,"104":0,"105":8,"106":8,"107":2,"108":2,"109":7,"110":7,"111":1,"112":1},"branchMap":{"0":{"type":"branch","line":29,"loc":{"start":{"line":29,"column":0},"end":{"line":111,"column":1}},"locations":[{"start":{"line":29,"column":0},"end":{"line":111,"column":1}}]},"1":{"type":"branch","line":42,"loc":{"start":{"line":42,"column":37},"end":{"line":45,"column":3}},"locations":[{"start":{"line":42,"column":37},"end":{"line":45,"column":3}}]},"2":{"type":"branch","line":45,"loc":{"start":{"line":45,"column":2},"end":{"line":65,"column":20}},"locations":[{"start":{"line":45,"column":2},"end":{"line":65,"column":20}}]},"3":{"type":"branch","line":47,"loc":{"start":{"line":47,"column":22},"end":{"line":47,"column":62}},"locations":[{"start":{"line":47,"column":22},"end":{"line":47,"column":62}}]},"4":{"type":"branch","line":47,"loc":{"start":{"line":47,"column":62},"end":{"line":47,"column":89}},"locations":[{"start":{"line":47,"column":62},"end":{"line":47,"column":89}}]},"5":{"type":"branch","line":47,"loc":{"start":{"line":47,"column":91},"end":{"line":54,"column":5}},"locations":[{"start":{"line":47,"column":91},"end":{"line":54,"column":5}}]},"6":{"type":"branch","line":54,"loc":{"start":{"line":54,"column":40},"end":{"line":60,"column":5}},"locations":[{"start":{"line":54,"column":40},"end":{"line":60,"column":5}}]},"7":{"type":"branch","line":57,"loc":{"start":{"line":57,"column":7},"end":{"line":59,"column":7}},"locations":[{"start":{"line":57,"column":7},"end":{"line":59,"column":7}}]},"8":{"type":"branch","line":60,"loc":{"start":{"line":60,"column":5},"end":{"line":62,"column":5}},"locations":[{"start":{"line":60,"column":5},"end":{"line":62,"column":5}}]},"9":{"type":"branch","line":60,"loc":{"start":{"line":60,"column":67},"end":{"line":60,"column":86}},"locations":[{"start":{"line":60,"column":67},"end":{"line":60,"column":86}}]},"10":{"type":"branch","line":60,"loc":{"start":{"line":60,"column":88},"end":{"line":62,"column":5}},"locations":[{"start":{"line":60,"column":88},"end":{"line":62,"column":5}}]},"11":{"type":"branch","line":65,"loc":{"start":{"line":65,"column":20},"end":{"line":84,"column":3}},"locations":[{"start":{"line":65,"column":20},"end":{"line":84,"column":3}}]},"12":{"type":"branch","line":66,"loc":{"start":{"line":66,"column":38},"end":{"line":68,"column":5}},"locations":[{"start":{"line":66,"column":38},"end":{"line":68,"column":5}}]},"13":{"type":"branch","line":76,"loc":{"start":{"line":76,"column":22},"end":{"line":77,"column":32}},"locations":[{"start":{"line":76,"column":22},"end":{"line":77,"column":32}}]},"14":{"type":"branch","line":77,"loc":{"start":{"line":77,"column":32},"end":{"line":78,"column":13}},"locations":[{"start":{"line":77,"column":32},"end":{"line":78,"column":13}}]},"15":{"type":"branch","line":78,"loc":{"start":{"line":78,"column":13},"end":{"line":79,"column":13}},"locations":[{"start":{"line":78,"column":13},"end":{"line":79,"column":13}}]},"16":{"type":"branch","line":79,"loc":{"start":{"line":79,"column":13},"end":{"line":80,"column":33}},"locations":[{"start":{"line":79,"column":13},"end":{"line":80,"column":33}}]},"17":{"type":"branch","line":81,"loc":{"start":{"line":81,"column":6},"end":{"line":83,"column":5}},"locations":[{"start":{"line":81,"column":6},"end":{"line":83,"column":5}}]},"18":{"type":"branch","line":84,"loc":{"start":{"line":84,"column":2},"end":{"line":86,"column":21}},"locations":[{"start":{"line":84,"column":2},"end":{"line":86,"column":21}}]},"19":{"type":"branch","line":86,"loc":{"start":{"line":86,"column":21},"end":{"line":96,"column":3}},"locations":[{"start":{"line":86,"column":21},"end":{"line":96,"column":3}}]},"20":{"type":"branch","line":88,"loc":{"start":{"line":88,"column":32},"end":{"line":89,"column":52}},"locations":[{"start":{"line":88,"column":32},"end":{"line":89,"column":52}}]},"21":{"type":"branch","line":90,"loc":{"start":{"line":90,"column":6},"end":{"line":92,"column":5}},"locations":[{"start":{"line":90,"column":6},"end":{"line":92,"column":5}}]},"22":{"type":"branch","line":93,"loc":{"start":{"line":93,"column":57},"end":{"line":95,"column":5}},"locations":[{"start":{"line":93,"column":57},"end":{"line":95,"column":5}}]},"23":{"type":"branch","line":96,"loc":{"start":{"line":96,"column":2},"end":{"line":100,"column":64}},"locations":[{"start":{"line":96,"column":2},"end":{"line":100,"column":64}}]},"24":{"type":"branch","line":107,"loc":{"start":{"line":107,"column":17},"end":{"line":107,"column":29}},"locations":[{"start":{"line":107,"column":17},"end":{"line":107,"column":29}}]},"25":{"type":"branch","line":107,"loc":{"start":{"line":107,"column":29},"end":{"line":107,"column":57}},"locations":[{"start":{"line":107,"column":29},"end":{"line":107,"column":57}}]},"26":{"type":"branch","line":107,"loc":{"start":{"line":107,"column":59},"end":{"line":109,"column":3}},"locations":[{"start":{"line":107,"column":59},"end":{"line":109,"column":3}}]},"27":{"type":"branch","line":109,"loc":{"start":{"line":109,"column":2},"end":{"line":111,"column":1}},"locations":[{"start":{"line":109,"column":2},"end":{"line":111,"column":1}}]}},"b":{"0":[8],"1":[1],"2":[7],"3":[1],"4":[0],"5":[0],"6":[1],"7":[0],"8":[6],"9":[1],"10":[0],"11":[3],"12":[2],"13":[1],"14":[1],"15":[1],"16":[1],"17":[1],"18":[7],"19":[2],"20":[1],"21":[0],"22":[0],"23":[7],"24":[6],"25":[6],"26":[2],"27":[7]},"fnMap":{"0":{"name":"DayClasses","decl":{"start":{"line":29,"column":0},"end":{"line":111,"column":1}},"loc":{"start":{"line":29,"column":0},"end":{"line":111,"column":1}},"line":29}},"f":{"0":8}}
}
