TN:
SF:src/components/CalendarPage/CalendarParts/DayClasses.ts
FN:29,DayClasses
FNF:1
FNH:1
FNDA:9,DayClasses
DA:1,1
DA:2,1
DA:3,1
DA:4,1
DA:5,1
DA:6,1
DA:7,1
DA:8,1
DA:9,1
DA:10,1
DA:11,1
DA:12,1
DA:13,1
DA:14,1
DA:15,1
DA:16,1
DA:17,1
DA:18,1
DA:19,1
DA:20,1
DA:21,1
DA:22,1
DA:23,1
DA:24,1
DA:25,1
DA:26,1
DA:27,1
DA:28,1
DA:29,9
DA:30,9
DA:31,9
DA:32,9
DA:33,9
DA:34,9
DA:35,9
DA:36,9
DA:37,9
DA:38,9
DA:39,9
DA:40,9
DA:41,9
DA:42,9
DA:43,1
DA:44,1
DA:45,1
DA:46,8
DA:47,8
DA:48,2
DA:49,0
DA:50,2
DA:51,2
DA:52,2
DA:53,8
DA:54,1
DA:55,1
DA:56,1
DA:57,0
DA:58,0
DA:59,6
DA:60,0
DA:61,0
DA:62,8
DA:63,8
DA:64,9
DA:65,3
DA:66,2
DA:67,2
DA:68,3
DA:69,3
DA:70,3
DA:71,3
DA:72,3
DA:73,3
DA:74,3
DA:75,3
DA:76,3
DA:77,3
DA:78,3
DA:79,1
DA:80,3
DA:81,1
DA:82,1
DA:83,3
DA:84,8
DA:85,9
DA:86,2
DA:87,2
DA:88,1
DA:89,2
DA:90,0
DA:91,0
DA:92,2
DA:93,0
DA:94,0
DA:95,2
DA:96,8
DA:97,8
DA:98,8
DA:99,9
DA:100,9
DA:101,9
DA:102,9
DA:103,0
DA:104,0
DA:105,9
DA:106,9
DA:107,2
DA:108,2
DA:109,8
DA:110,8
DA:111,1
DA:112,1
LF:112
LH:101
BRDA:29,0,0,9
BRDA:42,1,0,1
BRDA:45,2,0,8
BRDA:47,3,0,2
BRDA:47,4,0,2
BRDA:47,5,0,2
BRDA:48,6,0,0
BRDA:53,7,0,6
BRDA:53,8,0,1
BRDA:56,9,0,0
BRDA:59,10,0,5
BRDA:59,11,0,0
BRDA:59,12,0,0
BRDA:64,13,0,3
BRDA:65,14,0,2
BRDA:75,15,0,1
BRDA:76,16,0,1
BRDA:77,17,0,1
BRDA:78,18,0,1
BRDA:80,19,0,1
BRDA:83,20,0,8
BRDA:85,21,0,2
BRDA:87,22,0,1
BRDA:89,23,0,0
BRDA:92,24,0,0
BRDA:95,25,0,8
BRDA:106,26,0,7
BRDA:106,27,0,7
BRDA:106,28,0,2
BRDA:108,29,0,8
BRF:30
BRH:24
end_of_record
TN:
SF:src/components/SearchPage/filters/helper.ts
FN:1,createNumberArray
FN:5,createPriceArray
FNF:2
FNH:2
FNDA:1,createNumberArray
FNDA:1,createPriceArray
DA:1,1
DA:2,1
DA:3,1
DA:4,1
DA:5,1
DA:6,1
DA:7,1
DA:8,1
DA:9,1
DA:10,1
DA:11,1
DA:12,1
DA:13,1
DA:14,1
DA:15,1
DA:16,1
DA:17,1
DA:18,1
DA:19,1
LF:19
LH:19
BRDA:1,0,0,1
BRDA:2,1,0,3
BRDA:5,2,0,1
BRDA:7,3,0,5
BRF:4
BRH:4
end_of_record
