TN:
SF:src/components/CalendarPage/CalendarParts/DayClasses.ts
FN:29,DayClasses
FNF:1
FNH:1
FNDA:8,DayClasses
DA:1,1
DA:2,1
DA:3,1
DA:4,1
DA:5,1
DA:6,1
DA:7,1
DA:8,1
DA:9,1
DA:10,1
DA:11,1
DA:12,1
DA:13,1
DA:14,1
DA:15,1
DA:16,1
DA:17,1
DA:18,1
DA:19,1
DA:20,1
DA:21,1
DA:22,1
DA:23,1
DA:24,1
DA:25,1
DA:26,1
DA:27,1
DA:28,1
DA:29,8
DA:30,8
DA:31,8
DA:32,8
DA:33,8
DA:34,8
DA:35,8
DA:36,8
DA:37,8
DA:38,8
DA:39,8
DA:40,8
DA:41,8
DA:42,8
DA:43,8
DA:44,1
DA:45,1
DA:46,1
DA:47,7
DA:48,7
DA:49,0
DA:50,0
DA:51,0
DA:52,0
DA:53,0
DA:54,0
DA:55,7
DA:56,1
DA:57,1
DA:58,1
DA:59,0
DA:60,0
DA:61,7
DA:62,0
DA:63,0
DA:64,7
DA:65,7
DA:66,8
DA:67,3
DA:68,1
DA:69,1
DA:70,3
DA:71,3
DA:72,3
DA:73,3
DA:74,3
DA:75,3
DA:76,3
DA:77,3
DA:78,3
DA:79,3
DA:80,3
DA:81,0
DA:82,3
DA:83,0
DA:84,0
DA:85,3
DA:86,6
DA:87,8
DA:88,1
DA:89,1
DA:90,0
DA:91,1
DA:92,0
DA:93,0
DA:94,1
DA:95,0
DA:96,0
DA:97,1
DA:98,6
DA:99,6
DA:100,6
DA:101,8
DA:102,8
DA:103,8
DA:104,8
DA:105,0
DA:106,0
DA:107,8
DA:108,8
DA:109,2
DA:110,2
DA:111,6
DA:112,6
DA:113,1
DA:114,1
LF:114
LH:94
BRDA:29,0,0,8
BRDA:43,1,0,1
BRDA:46,2,0,7
BRDA:48,3,0,1
BRDA:48,4,0,0
BRDA:48,5,0,0
BRDA:55,6,0,1
BRDA:58,7,0,0
BRDA:61,8,0,6
BRDA:61,9,0,1
BRDA:61,10,0,0
BRDA:66,11,0,3
BRDA:67,12,0,1
BRDA:73,13,0,1
BRDA:77,14,0,0
BRDA:78,15,0,0
BRDA:79,16,0,0
BRDA:80,17,0,0
BRDA:82,18,0,0
BRDA:85,19,0,6
BRDA:87,20,0,1
BRDA:89,21,0,0
BRDA:91,22,0,0
BRDA:94,23,0,0
BRDA:97,24,0,6
BRDA:108,25,0,5
BRDA:108,26,0,5
BRDA:108,27,0,2
BRDA:110,28,0,6
BRF:29
BRH:17
end_of_record
